-- Found ament_cmake: 1.3.11 (/opt/ros/humble/share/ament_cmake/cmake)
-- Found rclcpp: 16.0.11 (/opt/ros/humble/share/rclcpp/cmake)
-- Found rosidl_generator_c: 3.1.6 (/opt/ros/humble/share/rosidl_generator_c/cmake)
-- Found rosidl_adapter: 3.1.6 (/opt/ros/humble/share/rosidl_adapter/cmake)
-- Found rosidl_generator_cpp: 3.1.6 (/opt/ros/humble/share/rosidl_generator_cpp/cmake)
-- Using all available rosidl_typesupport_c: rosidl_typesupport_fastrtps_c;rosidl_typesupport_introspection_c
-- Using all available rosidl_typesupport_cpp: rosidl_typesupport_fastrtps_cpp;rosidl_typesupport_introspection_cpp
-- Found rmw_implementation_cmake: 6.1.2 (/opt/ros/humble/share/rmw_implementation_cmake/cmake)
-- Found rmw_fastrtps_cpp: 6.2.7 (/opt/ros/humble/share/rmw_fastrtps_cpp/cmake)
-- Using RMW implementation 'rmw_fastrtps_cpp' as default
-- Found ament_lint_auto: 0.12.11 (/opt/ros/humble/share/ament_lint_auto/cmake)
-- Added test 'cppcheck' to perform static code analysis on C / C++ code
-- Configured cppcheck include dirs: /home/zisheng/ros2_ws/src/ros2_pkg_template_c/include
-- Configured cppcheck exclude dirs and/or files: 
-- Added test 'flake8' to check Python code syntax and style conventions
-- Added test 'lint_cmake' to check CMake code style
-- Added test 'pep257' to check Python code against some of the docstring style conventions in PEP 257
-- Added test 'uncrustify' to check C / C++ code style
-- Configured uncrustify additional arguments: 
-- Added test 'xmllint' to check XML markup files
-- Configuring done
-- Generating done
-- Build files have been written to: /home/zisheng/ros2_ws/src/ros2_pkg_template_c/build/ros2_pkg_template_c
[35m[1mConsolidate compiler generated dependencies of target test_lib[0m
[ 50%] Built target test_lib
[35m[1mConsolidate compiler generated dependencies of target test_node[0m
[100%] Built target test_node
-- Install configuration: ""
-- Up-to-date: /home/zisheng/ros2_ws/src/ros2_pkg_template_c/install/ros2_pkg_template_c/include/
-- Up-to-date: /home/zisheng/ros2_ws/src/ros2_pkg_template_c/install/ros2_pkg_template_c/include//test
-- Up-to-date: /home/zisheng/ros2_ws/src/ros2_pkg_template_c/install/ros2_pkg_template_c/include//test/test.hpp
-- Up-to-date: /home/zisheng/ros2_ws/src/ros2_pkg_template_c/install/ros2_pkg_template_c/share/ament_index/resource_index/package_run_dependencies/ros2_pkg_template_c
-- Up-to-date: /home/zisheng/ros2_ws/src/ros2_pkg_template_c/install/ros2_pkg_template_c/share/ament_index/resource_index/parent_prefix_path/ros2_pkg_template_c
-- Up-to-date: /home/zisheng/ros2_ws/src/ros2_pkg_template_c/install/ros2_pkg_template_c/share/ros2_pkg_template_c/environment/ament_prefix_path.sh
-- Installing: /home/zisheng/ros2_ws/src/ros2_pkg_template_c/install/ros2_pkg_template_c/share/ros2_pkg_template_c/environment/ament_prefix_path.dsv
-- Up-to-date: /home/zisheng/ros2_ws/src/ros2_pkg_template_c/install/ros2_pkg_template_c/share/ros2_pkg_template_c/environment/path.sh
-- Installing: /home/zisheng/ros2_ws/src/ros2_pkg_template_c/install/ros2_pkg_template_c/share/ros2_pkg_template_c/environment/path.dsv
-- Up-to-date: /home/zisheng/ros2_ws/src/ros2_pkg_template_c/install/ros2_pkg_template_c/share/ros2_pkg_template_c/local_setup.bash
-- Up-to-date: /home/zisheng/ros2_ws/src/ros2_pkg_template_c/install/ros2_pkg_template_c/share/ros2_pkg_template_c/local_setup.sh
-- Up-to-date: /home/zisheng/ros2_ws/src/ros2_pkg_template_c/install/ros2_pkg_template_c/share/ros2_pkg_template_c/local_setup.zsh
-- Installing: /home/zisheng/ros2_ws/src/ros2_pkg_template_c/install/ros2_pkg_template_c/share/ros2_pkg_template_c/local_setup.dsv
-- Installing: /home/zisheng/ros2_ws/src/ros2_pkg_template_c/install/ros2_pkg_template_c/share/ros2_pkg_template_c/package.dsv
-- Up-to-date: /home/zisheng/ros2_ws/src/ros2_pkg_template_c/install/ros2_pkg_template_c/share/ament_index/resource_index/packages/ros2_pkg_template_c
-- Up-to-date: /home/zisheng/ros2_ws/src/ros2_pkg_template_c/install/ros2_pkg_template_c/share/ros2_pkg_template_c/cmake/ros2_pkg_template_cConfig.cmake
-- Up-to-date: /home/zisheng/ros2_ws/src/ros2_pkg_template_c/install/ros2_pkg_template_c/share/ros2_pkg_template_c/cmake/ros2_pkg_template_cConfig-version.cmake
-- Up-to-date: /home/zisheng/ros2_ws/src/ros2_pkg_template_c/install/ros2_pkg_template_c/share/ros2_pkg_template_c/package.xml
