[0.008s] Invoking command in '/home/zisheng/ros2_ws/src/ros2_pkg_template_c/build/ros2_pkg_template_c': CMAKE_PREFIX_PATH=/opt/ros/humble CONDA_PROMPT_MODIFIER=(base) /usr/bin/cmake --build /home/zisheng/ros2_ws/src/ros2_pkg_template_c/build/ros2_pkg_template_c -- -j24 -l24
[0.026s] -- Found ament_cmake: 1.3.11 (/opt/ros/humble/share/ament_cmake/cmake)
[0.139s] -- Found rclcpp: 16.0.11 (/opt/ros/humble/share/rclcpp/cmake)
[0.208s] -- Found rosidl_generator_c: 3.1.6 (/opt/ros/humble/share/rosidl_generator_c/cmake)
[0.210s] -- Found rosidl_adapter: 3.1.6 (/opt/ros/humble/share/rosidl_adapter/cmake)
[0.216s] -- Found rosidl_generator_cpp: 3.1.6 (/opt/ros/humble/share/rosidl_generator_cpp/cmake)
[0.224s] -- Using all available rosidl_typesupport_c: rosidl_typesupport_fastrtps_c;rosidl_typesupport_introspection_c
[0.234s] -- Using all available rosidl_typesupport_cpp: rosidl_typesupport_fastrtps_cpp;rosidl_typesupport_introspection_cpp
[0.261s] -- Found rmw_implementation_cmake: 6.1.2 (/opt/ros/humble/share/rmw_implementation_cmake/cmake)
[0.264s] -- Found rmw_fastrtps_cpp: 6.2.7 (/opt/ros/humble/share/rmw_fastrtps_cpp/cmake)
[1.750s] -- Using RMW implementation 'rmw_fastrtps_cpp' as default
[1.793s] -- Found ament_lint_auto: 0.12.11 (/opt/ros/humble/share/ament_lint_auto/cmake)
[1.866s] -- Added test 'cppcheck' to perform static code analysis on C / C++ code
[1.866s] -- Configured cppcheck include dirs: /home/zisheng/ros2_ws/src/ros2_pkg_template_c/include
[1.866s] -- Configured cppcheck exclude dirs and/or files: 
[1.866s] -- Added test 'flake8' to check Python code syntax and style conventions
[1.868s] -- Added test 'lint_cmake' to check CMake code style
[1.868s] -- Added test 'pep257' to check Python code against some of the docstring style conventions in PEP 257
[1.872s] -- Added test 'uncrustify' to check C / C++ code style
[1.872s] -- Configured uncrustify additional arguments: 
[1.873s] -- Added test 'xmllint' to check XML markup files
[1.875s] -- Configuring done
[1.885s] -- Generating done
[1.887s] -- Build files have been written to: /home/zisheng/ros2_ws/src/ros2_pkg_template_c/build/ros2_pkg_template_c
[1.899s] [35m[1mConsolidate compiler generated dependencies of target test_lib[0m
[1.905s] [ 50%] Built target test_lib
[1.910s] [35m[1mConsolidate compiler generated dependencies of target test_node[0m
[1.917s] [100%] Built target test_node
[1.922s] Invoked command in '/home/zisheng/ros2_ws/src/ros2_pkg_template_c/build/ros2_pkg_template_c' returned '0': CMAKE_PREFIX_PATH=/opt/ros/humble CONDA_PROMPT_MODIFIER=(base) /usr/bin/cmake --build /home/zisheng/ros2_ws/src/ros2_pkg_template_c/build/ros2_pkg_template_c -- -j24 -l24
[1.926s] Invoking command in '/home/zisheng/ros2_ws/src/ros2_pkg_template_c/build/ros2_pkg_template_c': CMAKE_PREFIX_PATH=/opt/ros/humble CONDA_PROMPT_MODIFIER=(base) /usr/bin/cmake --install /home/zisheng/ros2_ws/src/ros2_pkg_template_c/build/ros2_pkg_template_c
[1.929s] -- Install configuration: ""
[1.929s] -- Up-to-date: /home/zisheng/ros2_ws/src/ros2_pkg_template_c/install/ros2_pkg_template_c/include/
[1.929s] -- Up-to-date: /home/zisheng/ros2_ws/src/ros2_pkg_template_c/install/ros2_pkg_template_c/include//test
[1.929s] -- Up-to-date: /home/zisheng/ros2_ws/src/ros2_pkg_template_c/install/ros2_pkg_template_c/include//test/test.hpp
[1.929s] -- Up-to-date: /home/zisheng/ros2_ws/src/ros2_pkg_template_c/install/ros2_pkg_template_c/share/ament_index/resource_index/package_run_dependencies/ros2_pkg_template_c
[1.929s] -- Up-to-date: /home/zisheng/ros2_ws/src/ros2_pkg_template_c/install/ros2_pkg_template_c/share/ament_index/resource_index/parent_prefix_path/ros2_pkg_template_c
[1.929s] -- Up-to-date: /home/zisheng/ros2_ws/src/ros2_pkg_template_c/install/ros2_pkg_template_c/share/ros2_pkg_template_c/environment/ament_prefix_path.sh
[1.929s] -- Installing: /home/zisheng/ros2_ws/src/ros2_pkg_template_c/install/ros2_pkg_template_c/share/ros2_pkg_template_c/environment/ament_prefix_path.dsv
[1.930s] -- Up-to-date: /home/zisheng/ros2_ws/src/ros2_pkg_template_c/install/ros2_pkg_template_c/share/ros2_pkg_template_c/environment/path.sh
[1.930s] -- Installing: /home/zisheng/ros2_ws/src/ros2_pkg_template_c/install/ros2_pkg_template_c/share/ros2_pkg_template_c/environment/path.dsv
[1.930s] -- Up-to-date: /home/zisheng/ros2_ws/src/ros2_pkg_template_c/install/ros2_pkg_template_c/share/ros2_pkg_template_c/local_setup.bash
[1.930s] -- Up-to-date: /home/zisheng/ros2_ws/src/ros2_pkg_template_c/install/ros2_pkg_template_c/share/ros2_pkg_template_c/local_setup.sh
[1.930s] -- Up-to-date: /home/zisheng/ros2_ws/src/ros2_pkg_template_c/install/ros2_pkg_template_c/share/ros2_pkg_template_c/local_setup.zsh
[1.930s] -- Installing: /home/zisheng/ros2_ws/src/ros2_pkg_template_c/install/ros2_pkg_template_c/share/ros2_pkg_template_c/local_setup.dsv
[1.930s] -- Installing: /home/zisheng/ros2_ws/src/ros2_pkg_template_c/install/ros2_pkg_template_c/share/ros2_pkg_template_c/package.dsv
[1.930s] -- Up-to-date: /home/zisheng/ros2_ws/src/ros2_pkg_template_c/install/ros2_pkg_template_c/share/ament_index/resource_index/packages/ros2_pkg_template_c
[1.930s] -- Up-to-date: /home/zisheng/ros2_ws/src/ros2_pkg_template_c/install/ros2_pkg_template_c/share/ros2_pkg_template_c/cmake/ros2_pkg_template_cConfig.cmake
[1.930s] -- Up-to-date: /home/zisheng/ros2_ws/src/ros2_pkg_template_c/install/ros2_pkg_template_c/share/ros2_pkg_template_c/cmake/ros2_pkg_template_cConfig-version.cmake
[1.930s] -- Up-to-date: /home/zisheng/ros2_ws/src/ros2_pkg_template_c/install/ros2_pkg_template_c/share/ros2_pkg_template_c/package.xml
[1.931s] Invoked command in '/home/zisheng/ros2_ws/src/ros2_pkg_template_c/build/ros2_pkg_template_c' returned '0': CMAKE_PREFIX_PATH=/opt/ros/humble CONDA_PROMPT_MODIFIER=(base) /usr/bin/cmake --install /home/zisheng/ros2_ws/src/ros2_pkg_template_c/build/ros2_pkg_template_c
