[0.146s] DEBUG:colcon:Command line arguments: ['/usr/bin/colcon', 'build']
[0.146s] DEBUG:colcon:Parsed command line arguments: Namespace(log_base=None, log_level=None, verb_name='build', build_base='build', install_base='install', merge_install=False, symlink_install=False, test_result_base=None, continue_on_error=False, executor='parallel', parallel_workers=24, event_handlers=None, ignore_user_meta=False, metas=['./colcon.meta'], base_paths=['.'], packages_ignore=None, packages_ignore_regex=None, paths=None, packages_up_to=None, packages_up_to_regex=None, packages_above=None, packages_above_and_dependencies=None, packages_above_depth=None, packages_select_by_dep=None, packages_skip_by_dep=None, packages_skip_up_to=None, packages_select_build_failed=False, packages_skip_build_finished=False, packages_select_test_failures=False, packages_skip_test_passed=False, packages_select=None, packages_skip=None, packages_select_regex=None, packages_skip_regex=None, packages_start=None, packages_end=None, allow_overriding=[], cmake_args=None, cmake_target=None, cmake_target_skip_unavailable=False, cmake_clean_cache=False, cmake_clean_first=False, cmake_force_configure=False, ament_cmake_args=None, catkin_cmake_args=None, catkin_skip_building_tests=False, mixin_files=None, mixin=None, verb_parser=<colcon_mixin.mixin.mixin_argument.MixinArgumentDecorator object at 0x7eff0b23ad40>, verb_extension=<colcon_core.verb.build.BuildVerb object at 0x7eff0b23a4d0>, main=<bound method BuildVerb.main of <colcon_core.verb.build.BuildVerb object at 0x7eff0b23a4d0>>, mixin_verb=('build',))
[0.327s] Level 1:colcon.colcon_core.package_discovery:discover_packages(colcon_meta) check parameters
[0.327s] Level 1:colcon.colcon_core.package_discovery:discover_packages(recursive) check parameters
[0.327s] Level 1:colcon.colcon_core.package_discovery:discover_packages(ignore) check parameters
[0.327s] Level 1:colcon.colcon_core.package_discovery:discover_packages(path) check parameters
[0.327s] Level 1:colcon.colcon_core.package_discovery:discover_packages(colcon_meta) discover
[0.328s] Level 1:colcon.colcon_core.package_discovery:discover_packages(recursive) discover
[0.328s] INFO:colcon.colcon_core.package_discovery:Crawling recursively for packages in '/home/zisheng/ros2_ws/src/ros2_pkg_template_c'
[0.328s] Level 1:colcon.colcon_core.package_identification:_identify(.) by extensions ['ignore', 'ignore_ament_install']
[0.328s] Level 1:colcon.colcon_core.package_identification:_identify(.) by extension 'ignore'
[0.328s] Level 1:colcon.colcon_core.package_identification:_identify(.) by extension 'ignore_ament_install'
[0.328s] Level 1:colcon.colcon_core.package_identification:_identify(.) by extensions ['colcon_pkg']
[0.328s] Level 1:colcon.colcon_core.package_identification:_identify(.) by extension 'colcon_pkg'
[0.328s] Level 1:colcon.colcon_core.package_identification:_identify(.) by extensions ['colcon_meta']
[0.328s] Level 1:colcon.colcon_core.package_identification:_identify(.) by extension 'colcon_meta'
[0.328s] Level 1:colcon.colcon_core.package_identification:_identify(.) by extensions ['ros']
[0.328s] Level 1:colcon.colcon_core.package_identification:_identify(.) by extension 'ros'
[0.337s] DEBUG:colcon.colcon_core.package_identification:Package '.' with type 'ros.ament_cmake' and name 'ros2_pkg_template_c'
[0.337s] Level 1:colcon.colcon_core.package_discovery:discover_packages(recursive) using defaults
[0.337s] Level 1:colcon.colcon_core.package_discovery:discover_packages(ignore) discover
[0.337s] Level 1:colcon.colcon_core.package_discovery:discover_packages(ignore) using defaults
[0.337s] Level 1:colcon.colcon_core.package_discovery:discover_packages(path) discover
[0.337s] Level 1:colcon.colcon_core.package_discovery:discover_packages(path) using defaults
[0.353s] Level 1:colcon.colcon_core.package_discovery:discover_packages(prefix_path) check parameters
[0.353s] Level 1:colcon.colcon_core.package_discovery:discover_packages(prefix_path) discover
[0.361s] DEBUG:colcon.colcon_installed_package_information.package_discovery:Found 2 installed packages in /home/zisheng/ros2_ws/install
[0.361s] DEBUG:colcon.colcon_installed_package_information.package_discovery:Found 270 installed packages in /opt/ros/humble
[0.362s] Level 1:colcon.colcon_core.package_discovery:discover_packages(prefix_path) using defaults
[0.406s] Level 5:colcon.colcon_core.verb:set package 'ros2_pkg_template_c' build argument 'cmake_args' from command line to 'None'
[0.406s] Level 5:colcon.colcon_core.verb:set package 'ros2_pkg_template_c' build argument 'cmake_target' from command line to 'None'
[0.406s] Level 5:colcon.colcon_core.verb:set package 'ros2_pkg_template_c' build argument 'cmake_target_skip_unavailable' from command line to 'False'
[0.406s] Level 5:colcon.colcon_core.verb:set package 'ros2_pkg_template_c' build argument 'cmake_clean_cache' from command line to 'False'
[0.406s] Level 5:colcon.colcon_core.verb:set package 'ros2_pkg_template_c' build argument 'cmake_clean_first' from command line to 'False'
[0.406s] Level 5:colcon.colcon_core.verb:set package 'ros2_pkg_template_c' build argument 'cmake_force_configure' from command line to 'False'
[0.406s] Level 5:colcon.colcon_core.verb:set package 'ros2_pkg_template_c' build argument 'ament_cmake_args' from command line to 'None'
[0.406s] Level 5:colcon.colcon_core.verb:set package 'ros2_pkg_template_c' build argument 'catkin_cmake_args' from command line to 'None'
[0.406s] Level 5:colcon.colcon_core.verb:set package 'ros2_pkg_template_c' build argument 'catkin_skip_building_tests' from command line to 'False'
[0.406s] DEBUG:colcon.colcon_core.verb:Building package 'ros2_pkg_template_c' with the following arguments: {'ament_cmake_args': None, 'build_base': '/home/zisheng/ros2_ws/src/ros2_pkg_template_c/build/ros2_pkg_template_c', 'catkin_cmake_args': None, 'catkin_skip_building_tests': False, 'cmake_args': None, 'cmake_clean_cache': False, 'cmake_clean_first': False, 'cmake_force_configure': False, 'cmake_target': None, 'cmake_target_skip_unavailable': False, 'install_base': '/home/zisheng/ros2_ws/src/ros2_pkg_template_c/install/ros2_pkg_template_c', 'merge_install': False, 'path': '/home/zisheng/ros2_ws/src/ros2_pkg_template_c', 'symlink_install': False, 'test_result_base': None}
[0.406s] INFO:colcon.colcon_core.executor:Executing jobs using 'parallel' executor
[0.406s] DEBUG:colcon.colcon_parallel_executor.executor.parallel:run_until_complete
[0.407s] INFO:colcon.colcon_ros.task.ament_cmake.build:Building ROS package in '/home/zisheng/ros2_ws/src/ros2_pkg_template_c' with build type 'ament_cmake'
[0.407s] INFO:colcon.colcon_cmake.task.cmake.build:Building CMake package in '/home/zisheng/ros2_ws/src/ros2_pkg_template_c'
[0.410s] INFO:colcon.colcon_core.plugin_system:Skipping extension 'colcon_core.shell.bat': Not used on non-Windows systems
[0.410s] INFO:colcon.colcon_core.shell:Skip shell extension 'powershell' for command environment: Not usable outside of PowerShell
[0.410s] DEBUG:colcon.colcon_core.shell:Skip shell extension 'dsv' for command environment
[0.415s] DEBUG:colcon.colcon_core.event_handler.log_command:Invoking command in '/home/zisheng/ros2_ws/src/ros2_pkg_template_c/build/ros2_pkg_template_c': CMAKE_PREFIX_PATH=/opt/ros/humble CONDA_PROMPT_MODIFIER=(base) /usr/bin/cmake /home/zisheng/ros2_ws/src/ros2_pkg_template_c -DCMAKE_INSTALL_PREFIX=/home/zisheng/ros2_ws/src/ros2_pkg_template_c/install/ros2_pkg_template_c
[3.157s] DEBUG:colcon.colcon_core.event_handler.log_command:Invoked command in '/home/zisheng/ros2_ws/src/ros2_pkg_template_c/build/ros2_pkg_template_c' returned '0': CMAKE_PREFIX_PATH=/opt/ros/humble CONDA_PROMPT_MODIFIER=(base) /usr/bin/cmake /home/zisheng/ros2_ws/src/ros2_pkg_template_c -DCMAKE_INSTALL_PREFIX=/home/zisheng/ros2_ws/src/ros2_pkg_template_c/install/ros2_pkg_template_c
[3.158s] DEBUG:colcon.colcon_core.event_handler.log_command:Invoking command in '/home/zisheng/ros2_ws/src/ros2_pkg_template_c/build/ros2_pkg_template_c': CMAKE_PREFIX_PATH=/opt/ros/humble CONDA_PROMPT_MODIFIER=(base) /usr/bin/cmake --build /home/zisheng/ros2_ws/src/ros2_pkg_template_c/build/ros2_pkg_template_c -- -j24 -l24
[6.058s] DEBUG:colcon.colcon_core.event_handler.log_command:Invoked command in '/home/zisheng/ros2_ws/src/ros2_pkg_template_c/build/ros2_pkg_template_c' returned '0': CMAKE_PREFIX_PATH=/opt/ros/humble CONDA_PROMPT_MODIFIER=(base) /usr/bin/cmake --build /home/zisheng/ros2_ws/src/ros2_pkg_template_c/build/ros2_pkg_template_c -- -j24 -l24
[6.062s] DEBUG:colcon.colcon_core.event_handler.log_command:Invoking command in '/home/zisheng/ros2_ws/src/ros2_pkg_template_c/build/ros2_pkg_template_c': CMAKE_PREFIX_PATH=/opt/ros/humble CONDA_PROMPT_MODIFIER=(base) /usr/bin/cmake --install /home/zisheng/ros2_ws/src/ros2_pkg_template_c/build/ros2_pkg_template_c
[6.067s] Level 1:colcon.colcon_core.environment:create_environment_scripts_only(ros2_pkg_template_c)
[6.067s] DEBUG:colcon.colcon_core.event_handler.log_command:Invoked command in '/home/zisheng/ros2_ws/src/ros2_pkg_template_c/build/ros2_pkg_template_c' returned '0': CMAKE_PREFIX_PATH=/opt/ros/humble CONDA_PROMPT_MODIFIER=(base) /usr/bin/cmake --install /home/zisheng/ros2_ws/src/ros2_pkg_template_c/build/ros2_pkg_template_c
[6.070s] Level 1:colcon.colcon_core.environment:checking '/home/zisheng/ros2_ws/src/ros2_pkg_template_c/install/ros2_pkg_template_c' for CMake module files
[6.071s] Level 1:colcon.colcon_core.environment:checking '/home/zisheng/ros2_ws/src/ros2_pkg_template_c/install/ros2_pkg_template_c' for CMake config files
[6.071s] Level 1:colcon.colcon_core.shell:create_environment_hook('ros2_pkg_template_c', 'cmake_prefix_path')
[6.071s] INFO:colcon.colcon_core.shell:Creating environment hook '/home/zisheng/ros2_ws/src/ros2_pkg_template_c/install/ros2_pkg_template_c/share/ros2_pkg_template_c/hook/cmake_prefix_path.ps1'
[6.071s] INFO:colcon.colcon_core.shell:Creating environment descriptor '/home/zisheng/ros2_ws/src/ros2_pkg_template_c/install/ros2_pkg_template_c/share/ros2_pkg_template_c/hook/cmake_prefix_path.dsv'
[6.072s] INFO:colcon.colcon_core.shell:Creating environment hook '/home/zisheng/ros2_ws/src/ros2_pkg_template_c/install/ros2_pkg_template_c/share/ros2_pkg_template_c/hook/cmake_prefix_path.sh'
[6.073s] Level 1:colcon.colcon_core.environment:checking '/home/zisheng/ros2_ws/src/ros2_pkg_template_c/install/ros2_pkg_template_c/bin'
[6.073s] Level 1:colcon.colcon_core.environment:checking '/home/zisheng/ros2_ws/src/ros2_pkg_template_c/install/ros2_pkg_template_c/lib/pkgconfig/ros2_pkg_template_c.pc'
[6.073s] Level 1:colcon.colcon_core.environment:checking '/home/zisheng/ros2_ws/src/ros2_pkg_template_c/install/ros2_pkg_template_c/lib/python3.10/site-packages'
[6.073s] Level 1:colcon.colcon_core.environment:checking '/home/zisheng/ros2_ws/src/ros2_pkg_template_c/install/ros2_pkg_template_c/bin'
[6.073s] INFO:colcon.colcon_core.shell:Creating package script '/home/zisheng/ros2_ws/src/ros2_pkg_template_c/install/ros2_pkg_template_c/share/ros2_pkg_template_c/package.ps1'
[6.073s] INFO:colcon.colcon_core.shell:Creating package descriptor '/home/zisheng/ros2_ws/src/ros2_pkg_template_c/install/ros2_pkg_template_c/share/ros2_pkg_template_c/package.dsv'
[6.074s] INFO:colcon.colcon_core.shell:Creating package script '/home/zisheng/ros2_ws/src/ros2_pkg_template_c/install/ros2_pkg_template_c/share/ros2_pkg_template_c/package.sh'
[6.074s] INFO:colcon.colcon_core.shell:Creating package script '/home/zisheng/ros2_ws/src/ros2_pkg_template_c/install/ros2_pkg_template_c/share/ros2_pkg_template_c/package.bash'
[6.075s] INFO:colcon.colcon_core.shell:Creating package script '/home/zisheng/ros2_ws/src/ros2_pkg_template_c/install/ros2_pkg_template_c/share/ros2_pkg_template_c/package.zsh'
[6.075s] Level 1:colcon.colcon_core.environment:create_file_with_runtime_dependencies(/home/zisheng/ros2_ws/src/ros2_pkg_template_c/install/ros2_pkg_template_c/share/colcon-core/packages/ros2_pkg_template_c)
[6.076s] Level 1:colcon.colcon_core.environment:create_environment_scripts_only(ros2_pkg_template_c)
[6.076s] Level 1:colcon.colcon_core.environment:checking '/home/zisheng/ros2_ws/src/ros2_pkg_template_c/install/ros2_pkg_template_c' for CMake module files
[6.076s] Level 1:colcon.colcon_core.environment:checking '/home/zisheng/ros2_ws/src/ros2_pkg_template_c/install/ros2_pkg_template_c' for CMake config files
[6.076s] Level 1:colcon.colcon_core.shell:create_environment_hook('ros2_pkg_template_c', 'cmake_prefix_path')
[6.076s] INFO:colcon.colcon_core.shell:Creating environment hook '/home/zisheng/ros2_ws/src/ros2_pkg_template_c/install/ros2_pkg_template_c/share/ros2_pkg_template_c/hook/cmake_prefix_path.ps1'
[6.076s] INFO:colcon.colcon_core.shell:Creating environment descriptor '/home/zisheng/ros2_ws/src/ros2_pkg_template_c/install/ros2_pkg_template_c/share/ros2_pkg_template_c/hook/cmake_prefix_path.dsv'
[6.077s] INFO:colcon.colcon_core.shell:Creating environment hook '/home/zisheng/ros2_ws/src/ros2_pkg_template_c/install/ros2_pkg_template_c/share/ros2_pkg_template_c/hook/cmake_prefix_path.sh'
[6.077s] Level 1:colcon.colcon_core.environment:checking '/home/zisheng/ros2_ws/src/ros2_pkg_template_c/install/ros2_pkg_template_c/bin'
[6.077s] Level 1:colcon.colcon_core.environment:checking '/home/zisheng/ros2_ws/src/ros2_pkg_template_c/install/ros2_pkg_template_c/lib/pkgconfig/ros2_pkg_template_c.pc'
[6.077s] Level 1:colcon.colcon_core.environment:checking '/home/zisheng/ros2_ws/src/ros2_pkg_template_c/install/ros2_pkg_template_c/lib/python3.10/site-packages'
[6.077s] Level 1:colcon.colcon_core.environment:checking '/home/zisheng/ros2_ws/src/ros2_pkg_template_c/install/ros2_pkg_template_c/bin'
[6.077s] INFO:colcon.colcon_core.shell:Creating package script '/home/zisheng/ros2_ws/src/ros2_pkg_template_c/install/ros2_pkg_template_c/share/ros2_pkg_template_c/package.ps1'
[6.077s] INFO:colcon.colcon_core.shell:Creating package descriptor '/home/zisheng/ros2_ws/src/ros2_pkg_template_c/install/ros2_pkg_template_c/share/ros2_pkg_template_c/package.dsv'
[6.078s] INFO:colcon.colcon_core.shell:Creating package script '/home/zisheng/ros2_ws/src/ros2_pkg_template_c/install/ros2_pkg_template_c/share/ros2_pkg_template_c/package.sh'
[6.078s] INFO:colcon.colcon_core.shell:Creating package script '/home/zisheng/ros2_ws/src/ros2_pkg_template_c/install/ros2_pkg_template_c/share/ros2_pkg_template_c/package.bash'
[6.078s] INFO:colcon.colcon_core.shell:Creating package script '/home/zisheng/ros2_ws/src/ros2_pkg_template_c/install/ros2_pkg_template_c/share/ros2_pkg_template_c/package.zsh'
[6.078s] Level 1:colcon.colcon_core.environment:create_file_with_runtime_dependencies(/home/zisheng/ros2_ws/src/ros2_pkg_template_c/install/ros2_pkg_template_c/share/colcon-core/packages/ros2_pkg_template_c)
[6.078s] DEBUG:colcon.colcon_parallel_executor.executor.parallel:closing loop
[6.079s] DEBUG:colcon.colcon_parallel_executor.executor.parallel:loop closed
[6.079s] DEBUG:colcon.colcon_parallel_executor.executor.parallel:run_until_complete finished with '0'
[6.079s] DEBUG:colcon.colcon_core.event_reactor:joining thread
[6.095s] INFO:colcon.colcon_core.plugin_system:Skipping extension 'colcon_notification.desktop_notification.notify_send': Could not find 'notify-send'
[6.095s] INFO:colcon.colcon_core.plugin_system:Skipping extension 'colcon_notification.desktop_notification.terminal_notifier': Not used on non-Darwin systems
[6.095s] INFO:colcon.colcon_core.plugin_system:Skipping extension 'colcon_notification.desktop_notification.win32': Not used on non-Windows systems
[6.095s] INFO:colcon.colcon_notification.desktop_notification:Sending desktop notification using 'notify2'
[6.095s] DEBUG:colcon.colcon_notification.desktop_notification.notify2:Failed to initialize notify2: org.freedesktop.DBus.Error.FileNotFound: Failed to connect to socket /run/user/1000/bus: No such file or directory
[6.095s] DEBUG:colcon.colcon_core.event_reactor:joined thread
[6.096s] INFO:colcon.colcon_core.shell:Creating prefix script '/home/zisheng/ros2_ws/src/ros2_pkg_template_c/install/local_setup.ps1'
[6.096s] INFO:colcon.colcon_core.shell:Creating prefix util module '/home/zisheng/ros2_ws/src/ros2_pkg_template_c/install/_local_setup_util_ps1.py'
[6.097s] INFO:colcon.colcon_core.shell:Creating prefix chain script '/home/zisheng/ros2_ws/src/ros2_pkg_template_c/install/setup.ps1'
[6.098s] INFO:colcon.colcon_core.shell:Creating prefix script '/home/zisheng/ros2_ws/src/ros2_pkg_template_c/install/local_setup.sh'
[6.098s] INFO:colcon.colcon_core.shell:Creating prefix util module '/home/zisheng/ros2_ws/src/ros2_pkg_template_c/install/_local_setup_util_sh.py'
[6.098s] INFO:colcon.colcon_core.shell:Creating prefix chain script '/home/zisheng/ros2_ws/src/ros2_pkg_template_c/install/setup.sh'
[6.099s] INFO:colcon.colcon_core.shell:Creating prefix script '/home/zisheng/ros2_ws/src/ros2_pkg_template_c/install/local_setup.bash'
[6.099s] INFO:colcon.colcon_core.shell:Creating prefix chain script '/home/zisheng/ros2_ws/src/ros2_pkg_template_c/install/setup.bash'
[6.100s] INFO:colcon.colcon_core.shell:Creating prefix script '/home/zisheng/ros2_ws/src/ros2_pkg_template_c/install/local_setup.zsh'
[6.100s] INFO:colcon.colcon_core.shell:Creating prefix chain script '/home/zisheng/ros2_ws/src/ros2_pkg_template_c/install/setup.zsh'
