-- The C compiler identification is GNU 11.4.0
-- The CXX compiler identification is GNU 11.4.0
-- Detecting C compiler ABI info
-- Detecting C compiler ABI info - done
-- Check for working C compiler: /usr/bin/cc - skipped
-- Detecting C compile features
-- Detecting C compile features - done
-- Detecting CXX compiler ABI info
-- Detecting CXX compiler ABI info - done
-- Check for working CXX compiler: /usr/bin/c++ - skipped
-- Detecting CXX compile features
-- Detecting CXX compile features - done
-- Found ament_cmake: 1.3.11 (/opt/ros/humble/share/ament_cmake/cmake)
-- Found Python3: /home/zisheng/anaconda3/bin/python3 (found version "3.11.7") found components: Interpreter 
-- Found rclcpp: 16.0.11 (/opt/ros/humble/share/rclcpp/cmake)
-- Found rosidl_generator_c: 3.1.6 (/opt/ros/humble/share/rosidl_generator_c/cmake)
-- Found rosidl_adapter: 3.1.6 (/opt/ros/humble/share/rosidl_adapter/cmake)
-- Found rosidl_generator_cpp: 3.1.6 (/opt/ros/humble/share/rosidl_generator_cpp/cmake)
-- Using all available rosidl_typesupport_c: rosidl_typesupport_fastrtps_c;rosidl_typesupport_introspection_c
-- Using all available rosidl_typesupport_cpp: rosidl_typesupport_fastrtps_cpp;rosidl_typesupport_introspection_cpp
-- Found rmw_implementation_cmake: 6.1.2 (/opt/ros/humble/share/rmw_implementation_cmake/cmake)
-- Found rmw_fastrtps_cpp: 6.2.7 (/opt/ros/humble/share/rmw_fastrtps_cpp/cmake)
-- Found OpenSSL: /usr/lib/x86_64-linux-gnu/libcrypto.so (found version "3.0.2")  
-- Found FastRTPS: /opt/ros/humble/include  
-- Using RMW implementation 'rmw_fastrtps_cpp' as default
-- Looking for pthread.h
-- Looking for pthread.h - found
-- Performing Test CMAKE_HAVE_LIBC_PTHREAD
-- Performing Test CMAKE_HAVE_LIBC_PTHREAD - Success
-- Found Threads: TRUE  
-- Found ament_lint_auto: 0.12.11 (/opt/ros/humble/share/ament_lint_auto/cmake)
-- Added test 'cppcheck' to perform static code analysis on C / C++ code
-- Configured cppcheck include dirs: /home/zisheng/ros2_ws/src/ros2_pkg_template_c/include
-- Configured cppcheck exclude dirs and/or files: 
-- Added test 'lint_cmake' to check CMake code style
-- Added test 'uncrustify' to check C / C++ code style
-- Configured uncrustify additional arguments: 
-- Added test 'xmllint' to check XML markup files
-- Configuring done
-- Generating done
-- Build files have been written to: /home/zisheng/ros2_ws/src/ros2_pkg_template_c/build/ros2_pkg_template_c
[ 25%] [32mBuilding CXX object CMakeFiles/test_lib.dir/lib/test/test_lib.cpp.o[0m
[ 50%] [32m[1mLinking CXX static library libtest_lib.a[0m
[ 50%] Built target test_lib
[ 75%] [32mBuilding CXX object CMakeFiles/test_node.dir/src/test/test.cpp.o[0m
[100%] [32m[1mLinking CXX executable test_node[0m
[100%] Built target test_node
-- Install configuration: ""
-- Installing: /home/zisheng/ros2_ws/src/ros2_pkg_template_c/install/ros2_pkg_template_c/include/
-- Installing: /home/zisheng/ros2_ws/src/ros2_pkg_template_c/install/ros2_pkg_template_c/include//test
-- Installing: /home/zisheng/ros2_ws/src/ros2_pkg_template_c/install/ros2_pkg_template_c/include//test/test.hpp
-- Installing: /home/zisheng/ros2_ws/src/ros2_pkg_template_c/install/ros2_pkg_template_c/share/ament_index/resource_index/package_run_dependencies/ros2_pkg_template_c
-- Installing: /home/zisheng/ros2_ws/src/ros2_pkg_template_c/install/ros2_pkg_template_c/share/ament_index/resource_index/parent_prefix_path/ros2_pkg_template_c
-- Installing: /home/zisheng/ros2_ws/src/ros2_pkg_template_c/install/ros2_pkg_template_c/share/ros2_pkg_template_c/environment/ament_prefix_path.sh
-- Installing: /home/zisheng/ros2_ws/src/ros2_pkg_template_c/install/ros2_pkg_template_c/share/ros2_pkg_template_c/environment/ament_prefix_path.dsv
-- Installing: /home/zisheng/ros2_ws/src/ros2_pkg_template_c/install/ros2_pkg_template_c/share/ros2_pkg_template_c/environment/path.sh
-- Installing: /home/zisheng/ros2_ws/src/ros2_pkg_template_c/install/ros2_pkg_template_c/share/ros2_pkg_template_c/environment/path.dsv
-- Installing: /home/zisheng/ros2_ws/src/ros2_pkg_template_c/install/ros2_pkg_template_c/share/ros2_pkg_template_c/local_setup.bash
-- Installing: /home/zisheng/ros2_ws/src/ros2_pkg_template_c/install/ros2_pkg_template_c/share/ros2_pkg_template_c/local_setup.sh
-- Installing: /home/zisheng/ros2_ws/src/ros2_pkg_template_c/install/ros2_pkg_template_c/share/ros2_pkg_template_c/local_setup.zsh
-- Installing: /home/zisheng/ros2_ws/src/ros2_pkg_template_c/install/ros2_pkg_template_c/share/ros2_pkg_template_c/local_setup.dsv
-- Installing: /home/zisheng/ros2_ws/src/ros2_pkg_template_c/install/ros2_pkg_template_c/share/ros2_pkg_template_c/package.dsv
-- Installing: /home/zisheng/ros2_ws/src/ros2_pkg_template_c/install/ros2_pkg_template_c/share/ament_index/resource_index/packages/ros2_pkg_template_c
-- Installing: /home/zisheng/ros2_ws/src/ros2_pkg_template_c/install/ros2_pkg_template_c/share/ros2_pkg_template_c/cmake/ros2_pkg_template_cConfig.cmake
-- Installing: /home/zisheng/ros2_ws/src/ros2_pkg_template_c/install/ros2_pkg_template_c/share/ros2_pkg_template_c/cmake/ros2_pkg_template_cConfig-version.cmake
-- Installing: /home/zisheng/ros2_ws/src/ros2_pkg_template_c/install/ros2_pkg_template_c/share/ros2_pkg_template_c/package.xml
