[0.008s] Invoking command in '/home/zisheng/ros2_ws/src/ros2_pkg_template_c/build/ros2_pkg_template_c': CMAKE_PREFIX_PATH=/opt/ros/humble CONDA_PROMPT_MODIFIER=(base) /usr/bin/cmake /home/zisheng/ros2_ws/src/ros2_pkg_template_c -DCMAKE_INSTALL_PREFIX=/home/zisheng/ros2_ws/src/ros2_pkg_template_c/install/ros2_pkg_template_c
[0.116s] -- The C compiler identification is GNU 11.4.0
[0.303s] -- The CXX compiler identification is GNU 11.4.0
[0.416s] -- Detecting C compiler ABI info
[0.480s] -- Detecting C compiler ABI info - done
[0.484s] -- Check for working C compiler: /usr/bin/cc - skipped
[0.484s] -- Detecting C compile features
[0.485s] -- Detecting C compile features - done
[0.487s] -- Detecting CXX compiler ABI info
[0.551s] -- Detecting CXX compiler ABI info - done
[0.555s] -- Check for working CXX compiler: /usr/bin/c++ - skipped
[0.555s] -- Detecting CXX compile features
[0.555s] -- Detecting CXX compile features - done
[0.559s] -- Found ament_cmake: 1.3.11 (/opt/ros/humble/share/ament_cmake/cmake)
[0.783s] -- Found Python3: /home/zisheng/anaconda3/bin/python3 (found version "3.11.7") found components: Interpreter 
[0.840s] -- Found rclcpp: 16.0.11 (/opt/ros/humble/share/rclcpp/cmake)
[0.917s] -- Found rosidl_generator_c: 3.1.6 (/opt/ros/humble/share/rosidl_generator_c/cmake)
[0.920s] -- Found rosidl_adapter: 3.1.6 (/opt/ros/humble/share/rosidl_adapter/cmake)
[0.927s] -- Found rosidl_generator_cpp: 3.1.6 (/opt/ros/humble/share/rosidl_generator_cpp/cmake)
[0.936s] -- Using all available rosidl_typesupport_c: rosidl_typesupport_fastrtps_c;rosidl_typesupport_introspection_c
[0.948s] -- Using all available rosidl_typesupport_cpp: rosidl_typesupport_fastrtps_cpp;rosidl_typesupport_introspection_cpp
[0.982s] -- Found rmw_implementation_cmake: 6.1.2 (/opt/ros/humble/share/rmw_implementation_cmake/cmake)
[0.984s] -- Found rmw_fastrtps_cpp: 6.2.7 (/opt/ros/humble/share/rmw_fastrtps_cpp/cmake)
[1.377s] -- Found OpenSSL: /usr/lib/x86_64-linux-gnu/libcrypto.so (found version "3.0.2")  
[1.781s] -- Found FastRTPS: /opt/ros/humble/include  
[2.504s] -- Using RMW implementation 'rmw_fastrtps_cpp' as default
[2.512s] -- Looking for pthread.h
[2.575s] -- Looking for pthread.h - found
[2.575s] -- Performing Test CMAKE_HAVE_LIBC_PTHREAD
[2.627s] -- Performing Test CMAKE_HAVE_LIBC_PTHREAD - Success
[2.628s] -- Found Threads: TRUE  
[2.667s] -- Found ament_lint_auto: 0.12.11 (/opt/ros/humble/share/ament_lint_auto/cmake)
[2.731s] -- Added test 'cppcheck' to perform static code analysis on C / C++ code
[2.731s] -- Configured cppcheck include dirs: /home/zisheng/ros2_ws/src/ros2_pkg_template_c/include
[2.731s] -- Configured cppcheck exclude dirs and/or files: 
[2.733s] -- Added test 'lint_cmake' to check CMake code style
[2.735s] -- Added test 'uncrustify' to check C / C++ code style
[2.736s] -- Configured uncrustify additional arguments: 
[2.736s] -- Added test 'xmllint' to check XML markup files
[2.737s] -- Configuring done
[2.742s] [0mWARNING: Target "test_node" requests linking to directory "/home/zisheng/ros2_ws/src/ros2_pkg_template_c/include".  Targets may link only to libraries.  CMake is dropping the item.[0m
[2.743s] -- Generating done
[2.746s] -- Build files have been written to: /home/zisheng/ros2_ws/src/ros2_pkg_template_c/build/ros2_pkg_template_c
[2.750s] Invoked command in '/home/zisheng/ros2_ws/src/ros2_pkg_template_c/build/ros2_pkg_template_c' returned '0': CMAKE_PREFIX_PATH=/opt/ros/humble CONDA_PROMPT_MODIFIER=(base) /usr/bin/cmake /home/zisheng/ros2_ws/src/ros2_pkg_template_c -DCMAKE_INSTALL_PREFIX=/home/zisheng/ros2_ws/src/ros2_pkg_template_c/install/ros2_pkg_template_c
[2.751s] Invoking command in '/home/zisheng/ros2_ws/src/ros2_pkg_template_c/build/ros2_pkg_template_c': CMAKE_PREFIX_PATH=/opt/ros/humble CONDA_PROMPT_MODIFIER=(base) /usr/bin/cmake --build /home/zisheng/ros2_ws/src/ros2_pkg_template_c/build/ros2_pkg_template_c -- -j24 -l24
[2.771s] [ 25%] [32mBuilding CXX object CMakeFiles/test_lib.dir/lib/test/test_lib.cpp.o[0m
[4.131s] [ 50%] [32m[1mLinking CXX static library libtest_lib.a[0m
[4.234s] [ 50%] Built target test_lib
[4.242s] [ 75%] [32mBuilding CXX object CMakeFiles/test_node.dir/src/test/test.cpp.o[0m
[5.542s] [100%] [32m[1mLinking CXX executable test_node[0m
[5.646s] [100%] Built target test_node
[5.651s] Invoked command in '/home/zisheng/ros2_ws/src/ros2_pkg_template_c/build/ros2_pkg_template_c' returned '0': CMAKE_PREFIX_PATH=/opt/ros/humble CONDA_PROMPT_MODIFIER=(base) /usr/bin/cmake --build /home/zisheng/ros2_ws/src/ros2_pkg_template_c/build/ros2_pkg_template_c -- -j24 -l24
[5.655s] Invoking command in '/home/zisheng/ros2_ws/src/ros2_pkg_template_c/build/ros2_pkg_template_c': CMAKE_PREFIX_PATH=/opt/ros/humble CONDA_PROMPT_MODIFIER=(base) /usr/bin/cmake --install /home/zisheng/ros2_ws/src/ros2_pkg_template_c/build/ros2_pkg_template_c
[5.658s] -- Install configuration: ""
[5.658s] -- Installing: /home/zisheng/ros2_ws/src/ros2_pkg_template_c/install/ros2_pkg_template_c/include/
[5.658s] -- Installing: /home/zisheng/ros2_ws/src/ros2_pkg_template_c/install/ros2_pkg_template_c/include//test
[5.658s] -- Installing: /home/zisheng/ros2_ws/src/ros2_pkg_template_c/install/ros2_pkg_template_c/include//test/test.hpp
[5.658s] -- Installing: /home/zisheng/ros2_ws/src/ros2_pkg_template_c/install/ros2_pkg_template_c/share/ament_index/resource_index/package_run_dependencies/ros2_pkg_template_c
[5.658s] -- Installing: /home/zisheng/ros2_ws/src/ros2_pkg_template_c/install/ros2_pkg_template_c/share/ament_index/resource_index/parent_prefix_path/ros2_pkg_template_c
[5.658s] -- Installing: /home/zisheng/ros2_ws/src/ros2_pkg_template_c/install/ros2_pkg_template_c/share/ros2_pkg_template_c/environment/ament_prefix_path.sh
[5.658s] -- Installing: /home/zisheng/ros2_ws/src/ros2_pkg_template_c/install/ros2_pkg_template_c/share/ros2_pkg_template_c/environment/ament_prefix_path.dsv
[5.658s] -- Installing: /home/zisheng/ros2_ws/src/ros2_pkg_template_c/install/ros2_pkg_template_c/share/ros2_pkg_template_c/environment/path.sh
[5.659s] -- Installing: /home/zisheng/ros2_ws/src/ros2_pkg_template_c/install/ros2_pkg_template_c/share/ros2_pkg_template_c/environment/path.dsv
[5.659s] -- Installing: /home/zisheng/ros2_ws/src/ros2_pkg_template_c/install/ros2_pkg_template_c/share/ros2_pkg_template_c/local_setup.bash
[5.659s] -- Installing: /home/zisheng/ros2_ws/src/ros2_pkg_template_c/install/ros2_pkg_template_c/share/ros2_pkg_template_c/local_setup.sh
[5.659s] -- Installing: /home/zisheng/ros2_ws/src/ros2_pkg_template_c/install/ros2_pkg_template_c/share/ros2_pkg_template_c/local_setup.zsh
[5.659s] -- Installing: /home/zisheng/ros2_ws/src/ros2_pkg_template_c/install/ros2_pkg_template_c/share/ros2_pkg_template_c/local_setup.dsv
[5.659s] -- Installing: /home/zisheng/ros2_ws/src/ros2_pkg_template_c/install/ros2_pkg_template_c/share/ros2_pkg_template_c/package.dsv
[5.659s] -- Installing: /home/zisheng/ros2_ws/src/ros2_pkg_template_c/install/ros2_pkg_template_c/share/ament_index/resource_index/packages/ros2_pkg_template_c
[5.659s] -- Installing: /home/zisheng/ros2_ws/src/ros2_pkg_template_c/install/ros2_pkg_template_c/share/ros2_pkg_template_c/cmake/ros2_pkg_template_cConfig.cmake
[5.659s] -- Installing: /home/zisheng/ros2_ws/src/ros2_pkg_template_c/install/ros2_pkg_template_c/share/ros2_pkg_template_c/cmake/ros2_pkg_template_cConfig-version.cmake
[5.659s] -- Installing: /home/zisheng/ros2_ws/src/ros2_pkg_template_c/install/ros2_pkg_template_c/share/ros2_pkg_template_c/package.xml
[5.660s] Invoked command in '/home/zisheng/ros2_ws/src/ros2_pkg_template_c/build/ros2_pkg_template_c' returned '0': CMAKE_PREFIX_PATH=/opt/ros/humble CONDA_PROMPT_MODIFIER=(base) /usr/bin/cmake --install /home/zisheng/ros2_ws/src/ros2_pkg_template_c/build/ros2_pkg_template_c
