[0.142s] DEBUG:colcon:Command line arguments: ['/usr/bin/colcon', 'build']
[0.142s] DEBUG:colcon:Parsed command line arguments: Namespace(log_base=None, log_level=None, verb_name='build', build_base='build', install_base='install', merge_install=False, symlink_install=False, test_result_base=None, continue_on_error=False, executor='parallel', parallel_workers=24, event_handlers=None, ignore_user_meta=False, metas=['./colcon.meta'], base_paths=['.'], packages_ignore=None, packages_ignore_regex=None, paths=None, packages_up_to=None, packages_up_to_regex=None, packages_above=None, packages_above_and_dependencies=None, packages_above_depth=None, packages_select_by_dep=None, packages_skip_by_dep=None, packages_skip_up_to=None, packages_select_build_failed=False, packages_skip_build_finished=False, packages_select_test_failures=False, packages_skip_test_passed=False, packages_select=None, packages_skip=None, packages_select_regex=None, packages_skip_regex=None, packages_start=None, packages_end=None, allow_overriding=[], cmake_args=None, cmake_target=None, cmake_target_skip_unavailable=False, cmake_clean_cache=False, cmake_clean_first=False, cmake_force_configure=False, ament_cmake_args=None, catkin_cmake_args=None, catkin_skip_building_tests=False, mixin_files=None, mixin=None, verb_parser=<colcon_mixin.mixin.mixin_argument.MixinArgumentDecorator object at 0x7fc5ffd3ac20>, verb_extension=<colcon_core.verb.build.BuildVerb object at 0x7fc5ffd3a3b0>, main=<bound method BuildVerb.main of <colcon_core.verb.build.BuildVerb object at 0x7fc5ffd3a3b0>>, mixin_verb=('build',))
[0.323s] Level 1:colcon.colcon_core.package_discovery:discover_packages(colcon_meta) check parameters
[0.323s] Level 1:colcon.colcon_core.package_discovery:discover_packages(recursive) check parameters
[0.323s] Level 1:colcon.colcon_core.package_discovery:discover_packages(ignore) check parameters
[0.323s] Level 1:colcon.colcon_core.package_discovery:discover_packages(path) check parameters
[0.323s] Level 1:colcon.colcon_core.package_discovery:discover_packages(colcon_meta) discover
[0.323s] Level 1:colcon.colcon_core.package_discovery:discover_packages(recursive) discover
[0.324s] INFO:colcon.colcon_core.package_discovery:Crawling recursively for packages in '/home/zisheng/ros2_ws/src/ros2_pkg_template_c'
[0.324s] Level 1:colcon.colcon_core.package_identification:_identify(.) by extensions ['ignore', 'ignore_ament_install']
[0.324s] Level 1:colcon.colcon_core.package_identification:_identify(.) by extension 'ignore'
[0.324s] Level 1:colcon.colcon_core.package_identification:_identify(.) by extension 'ignore_ament_install'
[0.324s] Level 1:colcon.colcon_core.package_identification:_identify(.) by extensions ['colcon_pkg']
[0.324s] Level 1:colcon.colcon_core.package_identification:_identify(.) by extension 'colcon_pkg'
[0.324s] Level 1:colcon.colcon_core.package_identification:_identify(.) by extensions ['colcon_meta']
[0.324s] Level 1:colcon.colcon_core.package_identification:_identify(.) by extension 'colcon_meta'
[0.324s] Level 1:colcon.colcon_core.package_identification:_identify(.) by extensions ['ros']
[0.324s] Level 1:colcon.colcon_core.package_identification:_identify(.) by extension 'ros'
[0.333s] DEBUG:colcon.colcon_core.package_identification:Package '.' with type 'ros.ament_cmake' and name 'ros2_pkg_template_c'
[0.333s] Level 1:colcon.colcon_core.package_discovery:discover_packages(recursive) using defaults
[0.333s] Level 1:colcon.colcon_core.package_discovery:discover_packages(ignore) discover
[0.334s] Level 1:colcon.colcon_core.package_discovery:discover_packages(ignore) using defaults
[0.334s] Level 1:colcon.colcon_core.package_discovery:discover_packages(path) discover
[0.334s] Level 1:colcon.colcon_core.package_discovery:discover_packages(path) using defaults
[0.356s] Level 1:colcon.colcon_core.package_discovery:discover_packages(prefix_path) check parameters
[0.356s] Level 1:colcon.colcon_core.package_discovery:discover_packages(prefix_path) discover
[0.358s] DEBUG:colcon.colcon_installed_package_information.package_discovery:Found 2 installed packages in /home/zisheng/ros2_ws/install
[0.359s] DEBUG:colcon.colcon_installed_package_information.package_discovery:Found 270 installed packages in /opt/ros/humble
[0.360s] Level 1:colcon.colcon_core.package_discovery:discover_packages(prefix_path) using defaults
[0.404s] Level 5:colcon.colcon_core.verb:set package 'ros2_pkg_template_c' build argument 'cmake_args' from command line to 'None'
[0.404s] Level 5:colcon.colcon_core.verb:set package 'ros2_pkg_template_c' build argument 'cmake_target' from command line to 'None'
[0.404s] Level 5:colcon.colcon_core.verb:set package 'ros2_pkg_template_c' build argument 'cmake_target_skip_unavailable' from command line to 'False'
[0.404s] Level 5:colcon.colcon_core.verb:set package 'ros2_pkg_template_c' build argument 'cmake_clean_cache' from command line to 'False'
[0.404s] Level 5:colcon.colcon_core.verb:set package 'ros2_pkg_template_c' build argument 'cmake_clean_first' from command line to 'False'
[0.404s] Level 5:colcon.colcon_core.verb:set package 'ros2_pkg_template_c' build argument 'cmake_force_configure' from command line to 'False'
[0.404s] Level 5:colcon.colcon_core.verb:set package 'ros2_pkg_template_c' build argument 'ament_cmake_args' from command line to 'None'
[0.404s] Level 5:colcon.colcon_core.verb:set package 'ros2_pkg_template_c' build argument 'catkin_cmake_args' from command line to 'None'
[0.404s] Level 5:colcon.colcon_core.verb:set package 'ros2_pkg_template_c' build argument 'catkin_skip_building_tests' from command line to 'False'
[0.404s] DEBUG:colcon.colcon_core.verb:Building package 'ros2_pkg_template_c' with the following arguments: {'ament_cmake_args': None, 'build_base': '/home/zisheng/ros2_ws/src/ros2_pkg_template_c/build/ros2_pkg_template_c', 'catkin_cmake_args': None, 'catkin_skip_building_tests': False, 'cmake_args': None, 'cmake_clean_cache': False, 'cmake_clean_first': False, 'cmake_force_configure': False, 'cmake_target': None, 'cmake_target_skip_unavailable': False, 'install_base': '/home/zisheng/ros2_ws/src/ros2_pkg_template_c/install/ros2_pkg_template_c', 'merge_install': False, 'path': '/home/zisheng/ros2_ws/src/ros2_pkg_template_c', 'symlink_install': False, 'test_result_base': None}
[0.404s] INFO:colcon.colcon_core.executor:Executing jobs using 'parallel' executor
[0.405s] DEBUG:colcon.colcon_parallel_executor.executor.parallel:run_until_complete
[0.405s] INFO:colcon.colcon_ros.task.ament_cmake.build:Building ROS package in '/home/zisheng/ros2_ws/src/ros2_pkg_template_c' with build type 'ament_cmake'
[0.405s] INFO:colcon.colcon_cmake.task.cmake.build:Building CMake package in '/home/zisheng/ros2_ws/src/ros2_pkg_template_c'
[0.408s] INFO:colcon.colcon_core.plugin_system:Skipping extension 'colcon_core.shell.bat': Not used on non-Windows systems
[0.408s] INFO:colcon.colcon_core.shell:Skip shell extension 'powershell' for command environment: Not usable outside of PowerShell
[0.408s] DEBUG:colcon.colcon_core.shell:Skip shell extension 'dsv' for command environment
[0.413s] DEBUG:colcon.colcon_core.event_handler.log_command:Invoking command in '/home/zisheng/ros2_ws/src/ros2_pkg_template_c/build/ros2_pkg_template_c': CMAKE_PREFIX_PATH=/opt/ros/humble CONDA_PROMPT_MODIFIER=(base) /usr/bin/cmake --build /home/zisheng/ros2_ws/src/ros2_pkg_template_c/build/ros2_pkg_template_c -- -j24 -l24
[2.327s] DEBUG:colcon.colcon_core.event_handler.log_command:Invoked command in '/home/zisheng/ros2_ws/src/ros2_pkg_template_c/build/ros2_pkg_template_c' returned '0': CMAKE_PREFIX_PATH=/opt/ros/humble CONDA_PROMPT_MODIFIER=(base) /usr/bin/cmake --build /home/zisheng/ros2_ws/src/ros2_pkg_template_c/build/ros2_pkg_template_c -- -j24 -l24
[2.331s] DEBUG:colcon.colcon_core.event_handler.log_command:Invoking command in '/home/zisheng/ros2_ws/src/ros2_pkg_template_c/build/ros2_pkg_template_c': CMAKE_PREFIX_PATH=/opt/ros/humble CONDA_PROMPT_MODIFIER=(base) /usr/bin/cmake --install /home/zisheng/ros2_ws/src/ros2_pkg_template_c/build/ros2_pkg_template_c
[2.335s] Level 1:colcon.colcon_core.environment:create_environment_scripts_only(ros2_pkg_template_c)
[2.336s] DEBUG:colcon.colcon_core.event_handler.log_command:Invoked command in '/home/zisheng/ros2_ws/src/ros2_pkg_template_c/build/ros2_pkg_template_c' returned '0': CMAKE_PREFIX_PATH=/opt/ros/humble CONDA_PROMPT_MODIFIER=(base) /usr/bin/cmake --install /home/zisheng/ros2_ws/src/ros2_pkg_template_c/build/ros2_pkg_template_c
[2.339s] Level 1:colcon.colcon_core.environment:checking '/home/zisheng/ros2_ws/src/ros2_pkg_template_c/install/ros2_pkg_template_c' for CMake module files
[2.340s] Level 1:colcon.colcon_core.environment:checking '/home/zisheng/ros2_ws/src/ros2_pkg_template_c/install/ros2_pkg_template_c' for CMake config files
[2.340s] Level 1:colcon.colcon_core.shell:create_environment_hook('ros2_pkg_template_c', 'cmake_prefix_path')
[2.340s] INFO:colcon.colcon_core.shell:Creating environment hook '/home/zisheng/ros2_ws/src/ros2_pkg_template_c/install/ros2_pkg_template_c/share/ros2_pkg_template_c/hook/cmake_prefix_path.ps1'
[2.340s] INFO:colcon.colcon_core.shell:Creating environment descriptor '/home/zisheng/ros2_ws/src/ros2_pkg_template_c/install/ros2_pkg_template_c/share/ros2_pkg_template_c/hook/cmake_prefix_path.dsv'
[2.341s] INFO:colcon.colcon_core.shell:Creating environment hook '/home/zisheng/ros2_ws/src/ros2_pkg_template_c/install/ros2_pkg_template_c/share/ros2_pkg_template_c/hook/cmake_prefix_path.sh'
[2.341s] Level 1:colcon.colcon_core.environment:checking '/home/zisheng/ros2_ws/src/ros2_pkg_template_c/install/ros2_pkg_template_c/bin'
[2.341s] Level 1:colcon.colcon_core.environment:checking '/home/zisheng/ros2_ws/src/ros2_pkg_template_c/install/ros2_pkg_template_c/lib/pkgconfig/ros2_pkg_template_c.pc'
[2.341s] Level 1:colcon.colcon_core.environment:checking '/home/zisheng/ros2_ws/src/ros2_pkg_template_c/install/ros2_pkg_template_c/lib/python3.10/site-packages'
[2.342s] Level 1:colcon.colcon_core.environment:checking '/home/zisheng/ros2_ws/src/ros2_pkg_template_c/install/ros2_pkg_template_c/bin'
[2.342s] INFO:colcon.colcon_core.shell:Creating package script '/home/zisheng/ros2_ws/src/ros2_pkg_template_c/install/ros2_pkg_template_c/share/ros2_pkg_template_c/package.ps1'
[2.342s] INFO:colcon.colcon_core.shell:Creating package descriptor '/home/zisheng/ros2_ws/src/ros2_pkg_template_c/install/ros2_pkg_template_c/share/ros2_pkg_template_c/package.dsv'
[2.343s] INFO:colcon.colcon_core.shell:Creating package script '/home/zisheng/ros2_ws/src/ros2_pkg_template_c/install/ros2_pkg_template_c/share/ros2_pkg_template_c/package.sh'
[2.343s] INFO:colcon.colcon_core.shell:Creating package script '/home/zisheng/ros2_ws/src/ros2_pkg_template_c/install/ros2_pkg_template_c/share/ros2_pkg_template_c/package.bash'
[2.344s] INFO:colcon.colcon_core.shell:Creating package script '/home/zisheng/ros2_ws/src/ros2_pkg_template_c/install/ros2_pkg_template_c/share/ros2_pkg_template_c/package.zsh'
[2.344s] Level 1:colcon.colcon_core.environment:create_file_with_runtime_dependencies(/home/zisheng/ros2_ws/src/ros2_pkg_template_c/install/ros2_pkg_template_c/share/colcon-core/packages/ros2_pkg_template_c)
[2.344s] Level 1:colcon.colcon_core.environment:create_environment_scripts_only(ros2_pkg_template_c)
[2.344s] Level 1:colcon.colcon_core.environment:checking '/home/zisheng/ros2_ws/src/ros2_pkg_template_c/install/ros2_pkg_template_c' for CMake module files
[2.345s] Level 1:colcon.colcon_core.environment:checking '/home/zisheng/ros2_ws/src/ros2_pkg_template_c/install/ros2_pkg_template_c' for CMake config files
[2.345s] Level 1:colcon.colcon_core.shell:create_environment_hook('ros2_pkg_template_c', 'cmake_prefix_path')
[2.345s] INFO:colcon.colcon_core.shell:Creating environment hook '/home/zisheng/ros2_ws/src/ros2_pkg_template_c/install/ros2_pkg_template_c/share/ros2_pkg_template_c/hook/cmake_prefix_path.ps1'
[2.345s] INFO:colcon.colcon_core.shell:Creating environment descriptor '/home/zisheng/ros2_ws/src/ros2_pkg_template_c/install/ros2_pkg_template_c/share/ros2_pkg_template_c/hook/cmake_prefix_path.dsv'
[2.345s] INFO:colcon.colcon_core.shell:Creating environment hook '/home/zisheng/ros2_ws/src/ros2_pkg_template_c/install/ros2_pkg_template_c/share/ros2_pkg_template_c/hook/cmake_prefix_path.sh'
[2.345s] Level 1:colcon.colcon_core.environment:checking '/home/zisheng/ros2_ws/src/ros2_pkg_template_c/install/ros2_pkg_template_c/bin'
[2.346s] Level 1:colcon.colcon_core.environment:checking '/home/zisheng/ros2_ws/src/ros2_pkg_template_c/install/ros2_pkg_template_c/lib/pkgconfig/ros2_pkg_template_c.pc'
[2.346s] Level 1:colcon.colcon_core.environment:checking '/home/zisheng/ros2_ws/src/ros2_pkg_template_c/install/ros2_pkg_template_c/lib/python3.10/site-packages'
[2.346s] Level 1:colcon.colcon_core.environment:checking '/home/zisheng/ros2_ws/src/ros2_pkg_template_c/install/ros2_pkg_template_c/bin'
[2.346s] INFO:colcon.colcon_core.shell:Creating package script '/home/zisheng/ros2_ws/src/ros2_pkg_template_c/install/ros2_pkg_template_c/share/ros2_pkg_template_c/package.ps1'
[2.346s] INFO:colcon.colcon_core.shell:Creating package descriptor '/home/zisheng/ros2_ws/src/ros2_pkg_template_c/install/ros2_pkg_template_c/share/ros2_pkg_template_c/package.dsv'
[2.346s] INFO:colcon.colcon_core.shell:Creating package script '/home/zisheng/ros2_ws/src/ros2_pkg_template_c/install/ros2_pkg_template_c/share/ros2_pkg_template_c/package.sh'
[2.347s] INFO:colcon.colcon_core.shell:Creating package script '/home/zisheng/ros2_ws/src/ros2_pkg_template_c/install/ros2_pkg_template_c/share/ros2_pkg_template_c/package.bash'
[2.347s] INFO:colcon.colcon_core.shell:Creating package script '/home/zisheng/ros2_ws/src/ros2_pkg_template_c/install/ros2_pkg_template_c/share/ros2_pkg_template_c/package.zsh'
[2.347s] Level 1:colcon.colcon_core.environment:create_file_with_runtime_dependencies(/home/zisheng/ros2_ws/src/ros2_pkg_template_c/install/ros2_pkg_template_c/share/colcon-core/packages/ros2_pkg_template_c)
[2.347s] DEBUG:colcon.colcon_parallel_executor.executor.parallel:closing loop
[2.348s] DEBUG:colcon.colcon_parallel_executor.executor.parallel:loop closed
[2.348s] DEBUG:colcon.colcon_parallel_executor.executor.parallel:run_until_complete finished with '0'
[2.348s] DEBUG:colcon.colcon_core.event_reactor:joining thread
[2.364s] INFO:colcon.colcon_core.plugin_system:Skipping extension 'colcon_notification.desktop_notification.notify_send': Could not find 'notify-send'
[2.364s] INFO:colcon.colcon_core.plugin_system:Skipping extension 'colcon_notification.desktop_notification.terminal_notifier': Not used on non-Darwin systems
[2.364s] INFO:colcon.colcon_core.plugin_system:Skipping extension 'colcon_notification.desktop_notification.win32': Not used on non-Windows systems
[2.364s] INFO:colcon.colcon_notification.desktop_notification:Sending desktop notification using 'notify2'
[2.364s] DEBUG:colcon.colcon_notification.desktop_notification.notify2:Failed to initialize notify2: org.freedesktop.DBus.Error.FileNotFound: Failed to connect to socket /run/user/1000/bus: No such file or directory
[2.364s] DEBUG:colcon.colcon_core.event_reactor:joined thread
[2.364s] INFO:colcon.colcon_core.shell:Creating prefix script '/home/zisheng/ros2_ws/src/ros2_pkg_template_c/install/local_setup.ps1'
[2.365s] INFO:colcon.colcon_core.shell:Creating prefix util module '/home/zisheng/ros2_ws/src/ros2_pkg_template_c/install/_local_setup_util_ps1.py'
[2.366s] INFO:colcon.colcon_core.shell:Creating prefix chain script '/home/zisheng/ros2_ws/src/ros2_pkg_template_c/install/setup.ps1'
[2.367s] INFO:colcon.colcon_core.shell:Creating prefix script '/home/zisheng/ros2_ws/src/ros2_pkg_template_c/install/local_setup.sh'
[2.367s] INFO:colcon.colcon_core.shell:Creating prefix util module '/home/zisheng/ros2_ws/src/ros2_pkg_template_c/install/_local_setup_util_sh.py'
[2.367s] INFO:colcon.colcon_core.shell:Creating prefix chain script '/home/zisheng/ros2_ws/src/ros2_pkg_template_c/install/setup.sh'
[2.368s] INFO:colcon.colcon_core.shell:Creating prefix script '/home/zisheng/ros2_ws/src/ros2_pkg_template_c/install/local_setup.bash'
[2.368s] INFO:colcon.colcon_core.shell:Creating prefix chain script '/home/zisheng/ros2_ws/src/ros2_pkg_template_c/install/setup.bash'
[2.369s] INFO:colcon.colcon_core.shell:Creating prefix script '/home/zisheng/ros2_ws/src/ros2_pkg_template_c/install/local_setup.zsh'
[2.370s] INFO:colcon.colcon_core.shell:Creating prefix chain script '/home/zisheng/ros2_ws/src/ros2_pkg_template_c/install/setup.zsh'
